/*2 Formas de retornar valores do Object*/
undefined
outraForma.name /*1ª forma*/
'Gilma'
outraForma["name"] /*2ª forma*/
'Gilma'
/*Outra forma de declarar variaveis*/
undefined
outraForma["numeroIrmaos" = 4
VM1374:1 Uncaught SyntaxError: Invalid left-hand side in assignment
outraForma["numeroIrmaos"] = 4
4
outraForma
{name: 'Gilma', idade: 53, endereco: 'Rua Tal', numeroIrmaos: 4}endereco: "Rua Tal"idade: 53name: "Gilma"numeroIrmaos: 4[[Prototype]]: Object
/*declarando uma variavel em conchetes para criar uma chave com o conteúdo dentro dele*/
undefined
let nomeIrma = "NomeDaIrma"
undefined
outraForma[nomeIrma] = "Nene" /*vai criar uma chave com valor da let nomeIrma e add como valor dessa chave a String Nene*/
'Nene'
outraForma
{name: 'Gilma', idade: 53, endereco: 'Rua Tal', numeroIrmaos: 4, NomeDaIrma: 'Nene'}
