/*Objects - Estrutura tipo "chave e valor" exemplo: name = 'John'*/
undefined
let objeto = {}
undefined
typeof objeto
'object'
objeto.nome = "Henrique"
'Henrique'
objeto.idade = 27
27
objeto
{nome: 'Henrique', idade: 27}
Object.values(objeto) /*vai me retornar apenas os valores*/
(2) ['Henrique', 27]
Object.keys(objeto) /*vai me retornar apenas as chaves*/
(2) ['nome', 'idade']
/*Outra forma de declarar objects*/
undefined
let outraForma = {
    name: "Gilma",
    idade: 53,
    endereco: "Rua Tal"
}
undefined
outraForma
{name: 'Gilma', idade: 53, endereco: 'Rua Tal'}
